<?xml version="1.0" encoding="UTF-8"?>
<coverage generated="1637415763112" clover="3.2.0">
  <project timestamp="1637415763114" name="All files">
    <metrics statements="47" coveredstatements="47" conditionals="38" coveredconditionals="37" methods="3" coveredmethods="3" elements="88" coveredelements="87" complexity="0" loc="47" ncloc="47" packages="1" files="2" classes="2"/>
    <file name="caesar.js" path="D:\Temp\git\ciphering-cli-tool\bin\caesar.js">
      <metrics statements="43" coveredstatements="43" conditionals="36" coveredconditionals="35" methods="2" coveredmethods="2"/>
      <line num="3" count="9" type="stmt"/>
      <line num="6" count="9" type="stmt"/>
      <line num="8" count="9" type="cond" truecount="4" falsecount="0"/>
      <line num="9" count="7" type="cond" truecount="2" falsecount="0"/>
      <line num="10" count="7" type="cond" truecount="2" falsecount="0"/>
      <line num="11" count="7" type="stmt"/>
      <line num="12" count="7" type="stmt"/>
      <line num="13" count="7" type="stmt"/>
      <line num="14" count="7" type="stmt"/>
      <line num="16" count="172" type="cond" truecount="2" falsecount="0"/>
      <line num="20" count="81" type="stmt"/>
      <line num="22" count="91" type="cond" truecount="2" falsecount="0"/>
      <line num="25" count="61" type="stmt"/>
      <line num="26" count="61" type="stmt"/>
      <line num="29" count="61" type="stmt"/>
      <line num="30" count="61" type="stmt"/>
      <line num="32" count="61" type="cond" truecount="2" falsecount="0"/>
      <line num="33" count="30" type="cond" truecount="1" falsecount="1"/>
      <line num="35" count="30" type="stmt"/>
      <line num="36" count="30" type="stmt"/>
      <line num="40" count="30" type="stmt"/>
      <line num="43" count="30" type="stmt"/>
      <line num="44" count="30" type="stmt"/>
      <line num="48" count="30" type="stmt"/>
      <line num="50" count="30" type="cond" truecount="2" falsecount="0"/>
      <line num="56" count="9" type="cond" truecount="2" falsecount="0"/>
      <line num="57" count="2" type="stmt"/>
      <line num="58" count="2" type="stmt"/>
      <line num="59" count="2" type="stmt"/>
      <line num="62" count="2" type="stmt"/>
      <line num="63" count="57" type="stmt"/>
      <line num="65" count="57" type="cond" truecount="4" falsecount="0"/>
      <line num="66" count="28" type="stmt"/>
      <line num="67" count="28" type="stmt"/>
      <line num="70" count="29" type="cond" truecount="4" falsecount="0"/>
      <line num="71" count="2" type="stmt"/>
      <line num="72" count="2" type="stmt"/>
      <line num="75" count="27" type="stmt"/>
      <line num="78" count="2" type="stmt"/>
      <line num="81" count="9" type="stmt"/>
      <line num="82" count="9" type="stmt"/>
      <line num="83" count="9" type="cond" truecount="2" falsecount="0"/>
      <line num="86" count="1" type="stmt"/>
    </file>
    <file name="validation.js" path="D:\Temp\git\ciphering-cli-tool\bin\validation.js">
      <metrics statements="4" coveredstatements="4" conditionals="2" coveredconditionals="2" methods="1" coveredmethods="1"/>
      <line num="2" count="2" type="cond" truecount="2" falsecount="0"/>
      <line num="3" count="1" type="stmt"/>
      <line num="4" count="1" type="stmt"/>
      <line num="8" count="1" type="stmt"/>
    </file>
  </project>
</coverage>
