<?xml version="1.0" encoding="UTF-8"?>
<coverage generated="1637427322912" clover="3.2.0">
  <project timestamp="1637427322914" name="All files">
    <metrics statements="75" coveredstatements="75" conditionals="52" coveredconditionals="49" methods="10" coveredmethods="10" elements="137" coveredelements="134" complexity="0" loc="75" ncloc="75" packages="1" files="3" classes="3"/>
    <file name="args.js" path="D:\Temp\git\ciphering-cli-tool\bin\args.js">
      <metrics statements="20" coveredstatements="20" conditionals="8" coveredconditionals="7" methods="4" coveredmethods="4"/>
      <line num="2" count="1" type="stmt"/>
      <line num="3" count="1" type="stmt"/>
      <line num="4" count="1" type="stmt"/>
      <line num="7" count="3" type="stmt"/>
      <line num="8" count="7" type="stmt"/>
      <line num="9" count="15" type="stmt"/>
      <line num="10" count="15" type="stmt"/>
      <line num="16" count="7" type="cond" truecount="2" falsecount="0"/>
      <line num="17" count="5" type="stmt"/>
      <line num="18" count="5" type="cond" truecount="2" falsecount="0"/>
      <line num="19" count="3" type="stmt"/>
      <line num="22" count="2" type="stmt"/>
      <line num="26" count="1" type="stmt"/>
      <line num="27" count="3" type="stmt"/>
      <line num="28" count="3" type="stmt"/>
      <line num="31" count="1" type="stmt"/>
      <line num="35" count="2" type="cond" truecount="1" falsecount="1"/>
      <line num="36" count="2" type="stmt"/>
      <line num="37" count="2" type="stmt"/>
      <line num="41" count="1" type="stmt"/>
    </file>
    <file name="caesar.js" path="D:\Temp\git\ciphering-cli-tool\bin\caesar.js">
      <metrics statements="43" coveredstatements="43" conditionals="36" coveredconditionals="35" methods="2" coveredmethods="2"/>
      <line num="3" count="9" type="stmt"/>
      <line num="6" count="9" type="stmt"/>
      <line num="8" count="9" type="cond" truecount="4" falsecount="0"/>
      <line num="9" count="7" type="cond" truecount="2" falsecount="0"/>
      <line num="10" count="7" type="cond" truecount="2" falsecount="0"/>
      <line num="11" count="7" type="stmt"/>
      <line num="12" count="7" type="stmt"/>
      <line num="13" count="7" type="stmt"/>
      <line num="14" count="7" type="stmt"/>
      <line num="16" count="172" type="cond" truecount="2" falsecount="0"/>
      <line num="20" count="81" type="stmt"/>
      <line num="22" count="91" type="cond" truecount="2" falsecount="0"/>
      <line num="25" count="61" type="stmt"/>
      <line num="26" count="61" type="stmt"/>
      <line num="29" count="61" type="stmt"/>
      <line num="30" count="61" type="stmt"/>
      <line num="32" count="61" type="cond" truecount="2" falsecount="0"/>
      <line num="33" count="30" type="cond" truecount="1" falsecount="1"/>
      <line num="35" count="30" type="stmt"/>
      <line num="36" count="30" type="stmt"/>
      <line num="40" count="30" type="stmt"/>
      <line num="43" count="30" type="stmt"/>
      <line num="44" count="30" type="stmt"/>
      <line num="48" count="30" type="stmt"/>
      <line num="50" count="30" type="cond" truecount="2" falsecount="0"/>
      <line num="56" count="9" type="cond" truecount="2" falsecount="0"/>
      <line num="57" count="2" type="stmt"/>
      <line num="58" count="2" type="stmt"/>
      <line num="59" count="2" type="stmt"/>
      <line num="62" count="2" type="stmt"/>
      <line num="63" count="57" type="stmt"/>
      <line num="65" count="57" type="cond" truecount="4" falsecount="0"/>
      <line num="66" count="28" type="stmt"/>
      <line num="67" count="28" type="stmt"/>
      <line num="70" count="29" type="cond" truecount="4" falsecount="0"/>
      <line num="71" count="2" type="stmt"/>
      <line num="72" count="2" type="stmt"/>
      <line num="75" count="27" type="stmt"/>
      <line num="78" count="2" type="stmt"/>
      <line num="81" count="9" type="stmt"/>
      <line num="82" count="9" type="stmt"/>
      <line num="83" count="9" type="cond" truecount="2" falsecount="0"/>
      <line num="86" count="1" type="stmt"/>
    </file>
    <file name="validation.js" path="D:\Temp\git\ciphering-cli-tool\bin\validation.js">
      <metrics statements="12" coveredstatements="12" conditionals="8" coveredconditionals="7" methods="4" coveredmethods="4"/>
      <line num="2" count="2" type="cond" truecount="2" falsecount="0"/>
      <line num="3" count="1" type="stmt"/>
      <line num="4" count="1" type="stmt"/>
      <line num="9" count="3" type="stmt"/>
      <line num="10" count="3" type="cond" truecount="1" falsecount="1"/>
      <line num="14" count="2" type="stmt"/>
      <line num="15" count="2" type="stmt"/>
      <line num="19" count="3" type="stmt"/>
      <line num="20" count="3" type="stmt"/>
      <line num="21" count="3" type="cond" truecount="2" falsecount="0"/>
      <line num="24" count="3" type="cond" truecount="2" falsecount="0"/>
      <line num="27" count="1" type="stmt"/>
    </file>
  </project>
</coverage>
