{"D:\\Temp\\git\\ciphering-cli-tool\\bin\\args.js": {"path":"D:\\Temp\\git\\ciphering-cli-tool\\bin\\args.js","statementMap":{"0":{"start":{"line":2,"column":18},"end":{"line":2,"column":62}},"1":{"start":{"line":3,"column":12},"end":{"line":3,"column":21}},"2":{"start":{"line":4,"column":16},"end":{"line":4,"column":18}},"3":{"start":{"line":7,"column":2},"end":{"line":24,"column":3}},"4":{"start":{"line":7,"column":15},"end":{"line":7,"column":16}},"5":{"start":{"line":8,"column":25},"end":{"line":14,"column":6}},"6":{"start":{"line":9,"column":27},"end":{"line":9,"column":42}},"7":{"start":{"line":10,"column":6},"end":{"line":13,"column":8}},"8":{"start":{"line":16,"column":4},"end":{"line":23,"column":5}},"9":{"start":{"line":17,"column":24},"end":{"line":17,"column":47}},"10":{"start":{"line":18,"column":6},"end":{"line":20,"column":7}},"11":{"start":{"line":19,"column":8},"end":{"line":19,"column":40}},"12":{"start":{"line":22,"column":6},"end":{"line":22,"column":88}},"13":{"start":{"line":26,"column":2},"end":{"line":29,"column":5}},"14":{"start":{"line":27,"column":19},"end":{"line":27,"column":45}},"15":{"start":{"line":28,"column":4},"end":{"line":28,"column":26}},"16":{"start":{"line":31,"column":2},"end":{"line":31,"column":17}},"17":{"start":{"line":35,"column":2},"end":{"line":38,"column":3}},"18":{"start":{"line":36,"column":4},"end":{"line":36,"column":45}},"19":{"start":{"line":37,"column":4},"end":{"line":37,"column":20}},"20":{"start":{"line":41,"column":0},"end":{"line":41,"column":27}}},"fnMap":{"0":{"name":"parseArgs","decl":{"start":{"line":6,"column":9},"end":{"line":6,"column":18}},"loc":{"start":{"line":6,"column":25},"end":{"line":32,"column":1}},"line":6},"1":{"name":"(anonymous_1)","decl":{"start":{"line":8,"column":45},"end":{"line":8,"column":46}},"loc":{"start":{"line":8,"column":55},"end":{"line":14,"column":5}},"line":8},"2":{"name":"(anonymous_2)","decl":{"start":{"line":26,"column":14},"end":{"line":26,"column":15}},"loc":{"start":{"line":26,"column":28},"end":{"line":29,"column":3}},"line":26},"3":{"name":"handleError","decl":{"start":{"line":34,"column":9},"end":{"line":34,"column":20}},"loc":{"start":{"line":34,"column":26},"end":{"line":39,"column":1}},"line":34}},"branchMap":{"0":{"loc":{"start":{"line":11,"column":8},"end":{"line":12,"column":35}},"type":"binary-expr","locations":[{"start":{"line":11,"column":8},"end":{"line":11,"column":35}},{"start":{"line":12,"column":8},"end":{"line":12,"column":35}}],"line":11},"1":{"loc":{"start":{"line":16,"column":4},"end":{"line":23,"column":5}},"type":"if","locations":[{"start":{"line":16,"column":4},"end":{"line":23,"column":5}},{"start":{"line":21,"column":11},"end":{"line":23,"column":5}}],"line":16},"2":{"loc":{"start":{"line":18,"column":6},"end":{"line":20,"column":7}},"type":"if","locations":[{"start":{"line":18,"column":6},"end":{"line":20,"column":7}},{"start":{},"end":{}}],"line":18},"3":{"loc":{"start":{"line":35,"column":2},"end":{"line":38,"column":3}},"type":"if","locations":[{"start":{"line":35,"column":2},"end":{"line":38,"column":3}},{"start":{},"end":{}}],"line":35}},"s":{"0":1,"1":1,"2":1,"3":3,"4":3,"5":7,"6":15,"7":15,"8":7,"9":5,"10":5,"11":3,"12":2,"13":1,"14":3,"15":3,"16":1,"17":2,"18":2,"19":2,"20":1},"f":{"0":3,"1":15,"2":3,"3":2},"b":{"0":[15,10],"1":[5,2],"2":[3,2],"3":[2,0]},"_coverageSchema":"1a1c01bbd47fc00a2c39e90264f33305004495a9","hash":"593cf7d75e9db7fa75f9b18191a05bb3f53a874a"}
,"D:\\Temp\\git\\ciphering-cli-tool\\bin\\caesar.js": {"path":"D:\\Temp\\git\\ciphering-cli-tool\\bin\\caesar.js","statementMap":{"0":{"start":{"line":3,"column":15},"end":{"line":3,"column":17}},"1":{"start":{"line":6,"column":23},"end":{"line":6,"column":46}},"2":{"start":{"line":8,"column":2},"end":{"line":54,"column":3}},"3":{"start":{"line":9,"column":4},"end":{"line":9,"column":43}},"4":{"start":{"line":10,"column":4},"end":{"line":10,"column":44}},"5":{"start":{"line":11,"column":19},"end":{"line":11,"column":47}},"6":{"start":{"line":12,"column":16},"end":{"line":12,"column":67}},"7":{"start":{"line":13,"column":16},"end":{"line":13,"column":67}},"8":{"start":{"line":14,"column":4},"end":{"line":53,"column":16}},"9":{"start":{"line":16,"column":8},"end":{"line":21,"column":9}},"10":{"start":{"line":20,"column":10},"end":{"line":20,"column":19}},"11":{"start":{"line":22,"column":8},"end":{"line":51,"column":9}},"12":{"start":{"line":25,"column":12},"end":{"line":25,"column":70}},"13":{"start":{"line":26,"column":36},"end":{"line":26,"column":56}},"14":{"start":{"line":29,"column":12},"end":{"line":29,"column":70}},"15":{"start":{"line":30,"column":36},"end":{"line":30,"column":56}},"16":{"start":{"line":32,"column":10},"end":{"line":32,"column":81}},"17":{"start":{"line":33,"column":15},"end":{"line":51,"column":9}},"18":{"start":{"line":35,"column":12},"end":{"line":35,"column":70}},"19":{"start":{"line":36,"column":10},"end":{"line":39,"column":30}},"20":{"start":{"line":40,"column":36},"end":{"line":40,"column":56}},"21":{"start":{"line":43,"column":12},"end":{"line":43,"column":70}},"22":{"start":{"line":44,"column":10},"end":{"line":47,"column":30}},"23":{"start":{"line":48,"column":36},"end":{"line":48,"column":56}},"24":{"start":{"line":50,"column":10},"end":{"line":50,"column":81}},"25":{"start":{"line":56,"column":2},"end":{"line":79,"column":3}},"26":{"start":{"line":57,"column":14},"end":{"line":57,"column":16}},"27":{"start":{"line":58,"column":14},"end":{"line":58,"column":24}},"28":{"start":{"line":59,"column":12},"end":{"line":59,"column":14}},"29":{"start":{"line":62,"column":4},"end":{"line":76,"column":5}},"30":{"start":{"line":63,"column":6},"end":{"line":63,"column":35}},"31":{"start":{"line":65,"column":6},"end":{"line":68,"column":7}},"32":{"start":{"line":66,"column":8},"end":{"line":66,"column":82}},"33":{"start":{"line":67,"column":8},"end":{"line":67,"column":17}},"34":{"start":{"line":70,"column":6},"end":{"line":73,"column":7}},"35":{"start":{"line":71,"column":8},"end":{"line":71,"column":81}},"36":{"start":{"line":72,"column":8},"end":{"line":72,"column":17}},"37":{"start":{"line":75,"column":6},"end":{"line":75,"column":20}},"38":{"start":{"line":78,"column":4},"end":{"line":78,"column":18}},"39":{"start":{"line":81,"column":2},"end":{"line":81,"column":35}},"40":{"start":{"line":82,"column":2},"end":{"line":82,"column":15}},"41":{"start":{"line":83,"column":2},"end":{"line":83,"column":75}},"42":{"start":{"line":86,"column":0},"end":{"line":86,"column":28}}},"fnMap":{"0":{"name":"caesarROT8","decl":{"start":{"line":2,"column":9},"end":{"line":2,"column":19}},"loc":{"start":{"line":2,"column":37},"end":{"line":84,"column":1}},"line":2},"1":{"name":"(anonymous_1)","decl":{"start":{"line":15,"column":11},"end":{"line":15,"column":12}},"loc":{"start":{"line":15,"column":18},"end":{"line":52,"column":7}},"line":15}},"branchMap":{"0":{"loc":{"start":{"line":8,"column":2},"end":{"line":54,"column":3}},"type":"if","locations":[{"start":{"line":8,"column":2},"end":{"line":54,"column":3}},{"start":{},"end":{}}],"line":8},"1":{"loc":{"start":{"line":8,"column":6},"end":{"line":8,"column":54}},"type":"binary-expr","locations":[{"start":{"line":8,"column":6},"end":{"line":8,"column":28}},{"start":{"line":8,"column":32},"end":{"line":8,"column":54}}],"line":8},"2":{"loc":{"start":{"line":9,"column":12},"end":{"line":9,"column":42}},"type":"cond-expr","locations":[{"start":{"line":9,"column":37},"end":{"line":9,"column":38}},{"start":{"line":9,"column":41},"end":{"line":9,"column":42}}],"line":9},"3":{"loc":{"start":{"line":10,"column":13},"end":{"line":10,"column":43}},"type":"cond-expr","locations":[{"start":{"line":10,"column":38},"end":{"line":10,"column":39}},{"start":{"line":10,"column":42},"end":{"line":10,"column":43}}],"line":10},"4":{"loc":{"start":{"line":16,"column":8},"end":{"line":21,"column":9}},"type":"if","locations":[{"start":{"line":16,"column":8},"end":{"line":21,"column":9}},{"start":{},"end":{}}],"line":16},"5":{"loc":{"start":{"line":17,"column":10},"end":{"line":18,"column":47}},"type":"binary-expr","locations":[{"start":{"line":17,"column":10},"end":{"line":17,"column":47}},{"start":{"line":18,"column":10},"end":{"line":18,"column":47}}],"line":17},"6":{"loc":{"start":{"line":22,"column":8},"end":{"line":51,"column":9}},"type":"if","locations":[{"start":{"line":22,"column":8},"end":{"line":51,"column":9}},{"start":{"line":33,"column":15},"end":{"line":51,"column":9}}],"line":22},"7":{"loc":{"start":{"line":32,"column":17},"end":{"line":32,"column":80}},"type":"cond-expr","locations":[{"start":{"line":32,"column":43},"end":{"line":32,"column":60}},{"start":{"line":32,"column":63},"end":{"line":32,"column":80}}],"line":32},"8":{"loc":{"start":{"line":33,"column":15},"end":{"line":51,"column":9}},"type":"if","locations":[{"start":{"line":33,"column":15},"end":{"line":51,"column":9}},{"start":{},"end":{}}],"line":33},"9":{"loc":{"start":{"line":37,"column":12},"end":{"line":39,"column":29}},"type":"cond-expr","locations":[{"start":{"line":38,"column":16},"end":{"line":38,"column":47}},{"start":{"line":39,"column":16},"end":{"line":39,"column":29}}],"line":37},"10":{"loc":{"start":{"line":45,"column":12},"end":{"line":47,"column":29}},"type":"cond-expr","locations":[{"start":{"line":46,"column":16},"end":{"line":46,"column":47}},{"start":{"line":47,"column":16},"end":{"line":47,"column":29}}],"line":45},"11":{"loc":{"start":{"line":50,"column":17},"end":{"line":50,"column":80}},"type":"cond-expr","locations":[{"start":{"line":50,"column":43},"end":{"line":50,"column":60}},{"start":{"line":50,"column":63},"end":{"line":50,"column":80}}],"line":50},"12":{"loc":{"start":{"line":56,"column":2},"end":{"line":79,"column":3}},"type":"if","locations":[{"start":{"line":56,"column":2},"end":{"line":79,"column":3}},{"start":{},"end":{}}],"line":56},"13":{"loc":{"start":{"line":65,"column":6},"end":{"line":68,"column":7}},"type":"if","locations":[{"start":{"line":65,"column":6},"end":{"line":68,"column":7}},{"start":{},"end":{}}],"line":65},"14":{"loc":{"start":{"line":65,"column":10},"end":{"line":65,"column":43}},"type":"binary-expr","locations":[{"start":{"line":65,"column":10},"end":{"line":65,"column":24}},{"start":{"line":65,"column":28},"end":{"line":65,"column":43}}],"line":65},"15":{"loc":{"start":{"line":70,"column":6},"end":{"line":73,"column":7}},"type":"if","locations":[{"start":{"line":70,"column":6},"end":{"line":73,"column":7}},{"start":{},"end":{}}],"line":70},"16":{"loc":{"start":{"line":70,"column":10},"end":{"line":70,"column":42}},"type":"binary-expr","locations":[{"start":{"line":70,"column":10},"end":{"line":70,"column":24}},{"start":{"line":70,"column":28},"end":{"line":70,"column":42}}],"line":70},"17":{"loc":{"start":{"line":83,"column":9},"end":{"line":83,"column":74}},"type":"cond-expr","locations":[{"start":{"line":83,"column":35},"end":{"line":83,"column":41}},{"start":{"line":83,"column":44},"end":{"line":83,"column":74}}],"line":83}},"s":{"0":9,"1":9,"2":9,"3":7,"4":7,"5":7,"6":7,"7":7,"8":7,"9":172,"10":81,"11":91,"12":61,"13":61,"14":61,"15":61,"16":61,"17":30,"18":30,"19":30,"20":30,"21":30,"22":30,"23":30,"24":30,"25":9,"26":2,"27":2,"28":2,"29":2,"30":57,"31":57,"32":28,"33":28,"34":29,"35":2,"36":2,"37":27,"38":2,"39":9,"40":9,"41":9,"42":1},"f":{"0":9,"1":172},"b":{"0":[7,2],"1":[9,4],"2":[5,2],"3":[5,2],"4":[81,91],"5":[172,91],"6":[61,30],"7":[57,4],"8":[30,0],"9":[10,20],"10":[10,20],"11":[28,2],"12":[2,7],"13":[28,29],"14":[57,41],"15":[2,27],"16":[29,15],"17":[3,6]},"_coverageSchema":"1a1c01bbd47fc00a2c39e90264f33305004495a9","hash":"a3c0e8e4e5081892338327d4df359410e4f43033"}
,"D:\\Temp\\git\\ciphering-cli-tool\\bin\\validation.js": {"path":"D:\\Temp\\git\\ciphering-cli-tool\\bin\\validation.js","statementMap":{"0":{"start":{"line":2,"column":2},"end":{"line":5,"column":3}},"1":{"start":{"line":3,"column":4},"end":{"line":3,"column":61}},"2":{"start":{"line":4,"column":4},"end":{"line":4,"column":20}},"3":{"start":{"line":9,"column":20},"end":{"line":9,"column":42}},"4":{"start":{"line":10,"column":2},"end":{"line":10,"column":66}},"5":{"start":{"line":14,"column":2},"end":{"line":14,"column":72}},"6":{"start":{"line":15,"column":2},"end":{"line":15,"column":18}},"7":{"start":{"line":19,"column":17},"end":{"line":19,"column":61}},"8":{"start":{"line":20,"column":13},"end":{"line":20,"column":15}},"9":{"start":{"line":21,"column":2},"end":{"line":23,"column":44}},"10":{"start":{"line":24,"column":2},"end":{"line":24,"column":70}},"11":{"start":{"line":24,"column":56},"end":{"line":24,"column":70}},"12":{"start":{"line":27,"column":0},"end":{"line":27,"column":58}}},"fnMap":{"0":{"name":"checkConfig","decl":{"start":{"line":1,"column":9},"end":{"line":1,"column":20}},"loc":{"start":{"line":1,"column":29},"end":{"line":6,"column":1}},"line":1},"1":{"name":"getValue","decl":{"start":{"line":8,"column":9},"end":{"line":8,"column":17}},"loc":{"start":{"line":8,"column":34},"end":{"line":11,"column":1}},"line":8},"2":{"name":"errorConfig","decl":{"start":{"line":13,"column":9},"end":{"line":13,"column":20}},"loc":{"start":{"line":13,"column":23},"end":{"line":16,"column":1}},"line":13},"3":{"name":"validateArgumentsConfig","decl":{"start":{"line":18,"column":10},"end":{"line":18,"column":33}},"loc":{"start":{"line":18,"column":44},"end":{"line":25,"column":1}},"line":18}},"branchMap":{"0":{"loc":{"start":{"line":2,"column":2},"end":{"line":5,"column":3}},"type":"if","locations":[{"start":{"line":2,"column":2},"end":{"line":5,"column":3}},{"start":{},"end":{}}],"line":2},"1":{"loc":{"start":{"line":10,"column":9},"end":{"line":10,"column":65}},"type":"cond-expr","locations":[{"start":{"line":10,"column":28},"end":{"line":10,"column":58}},{"start":{"line":10,"column":61},"end":{"line":10,"column":65}}],"line":10},"2":{"loc":{"start":{"line":21,"column":2},"end":{"line":23,"column":43}},"type":"cond-expr","locations":[{"start":{"line":22,"column":7},"end":{"line":22,"column":36}},{"start":{"line":23,"column":7},"end":{"line":23,"column":42}}],"line":21},"3":{"loc":{"start":{"line":24,"column":2},"end":{"line":24,"column":70}},"type":"if","locations":[{"start":{"line":24,"column":2},"end":{"line":24,"column":70}},{"start":{},"end":{}}],"line":24}},"s":{"0":2,"1":1,"2":1,"3":3,"4":3,"5":2,"6":2,"7":3,"8":3,"9":3,"10":3,"11":2,"12":1},"f":{"0":2,"1":3,"2":2,"3":3},"b":{"0":[1,1],"1":[3,0],"2":[2,1],"3":[2,1]},"_coverageSchema":"1a1c01bbd47fc00a2c39e90264f33305004495a9","hash":"fb61d313c531478d020151c6362ad07d2780a698"}
}
