TN:
SF:bin\caesar.js
FN:2,caesarROT8
FN:15,(anonymous_1)
FNF:2
FNH:2
FNDA:9,caesarROT8
FNDA:172,(anonymous_1)
DA:3,9
DA:6,9
DA:8,9
DA:9,7
DA:10,7
DA:11,7
DA:12,7
DA:13,7
DA:14,7
DA:16,172
DA:20,81
DA:22,91
DA:25,61
DA:26,61
DA:29,61
DA:30,61
DA:32,61
DA:33,30
DA:35,30
DA:36,30
DA:40,30
DA:43,30
DA:44,30
DA:48,30
DA:50,30
DA:56,9
DA:57,2
DA:58,2
DA:59,2
DA:62,2
DA:63,57
DA:65,57
DA:66,28
DA:67,28
DA:70,29
DA:71,2
DA:72,2
DA:75,27
DA:78,2
DA:81,9
DA:82,9
DA:83,9
DA:86,1
LF:43
LH:43
BRDA:8,0,0,7
BRDA:8,0,1,2
BRDA:8,1,0,9
BRDA:8,1,1,4
BRDA:9,2,0,5
BRDA:9,2,1,2
BRDA:10,3,0,5
BRDA:10,3,1,2
BRDA:16,4,0,81
BRDA:16,4,1,91
BRDA:17,5,0,172
BRDA:17,5,1,91
BRDA:22,6,0,61
BRDA:22,6,1,30
BRDA:32,7,0,57
BRDA:32,7,1,4
BRDA:33,8,0,30
BRDA:33,8,1,0
BRDA:37,9,0,10
BRDA:37,9,1,20
BRDA:45,10,0,10
BRDA:45,10,1,20
BRDA:50,11,0,28
BRDA:50,11,1,2
BRDA:56,12,0,2
BRDA:56,12,1,7
BRDA:65,13,0,28
BRDA:65,13,1,29
BRDA:65,14,0,57
BRDA:65,14,1,41
BRDA:70,15,0,2
BRDA:70,15,1,27
BRDA:70,16,0,29
BRDA:70,16,1,15
BRDA:83,17,0,3
BRDA:83,17,1,6
BRF:36
BRH:35
end_of_record
TN:
SF:bin\validation.js
FN:1,checkConfig
FNF:1
FNH:1
FNDA:2,checkConfig
DA:2,2
DA:3,1
DA:4,1
DA:8,1
LF:4
LH:4
BRDA:2,0,0,1
BRDA:2,0,1,1
BRF:2
BRH:2
end_of_record
